[debug] [2021-03-02T07:28:21.377Z] ----------------------------------------------------------------------
[debug] [2021-03-02T07:28:21.380Z] Command:       C:\Program Files\nodejs\node.exe C:\Users\Accuracy\AppData\Roaming\npm\node_modules\firebase-tools\lib\bin\firebase.js init hosting
[debug] [2021-03-02T07:28:21.380Z] CLI Version:   9.5.0
[debug] [2021-03-02T07:28:21.380Z] Platform:      win32
[debug] [2021-03-02T07:28:21.380Z] Node Version:  v14.15.4
[debug] [2021-03-02T07:28:21.381Z] Time:          Tue Mar 02 2021 12:58:21 GMT+0530 (India Standard Time)
[debug] [2021-03-02T07:28:21.381Z] ----------------------------------------------------------------------
[debug] [2021-03-02T07:28:21.381Z] 
[debug] [2021-03-02T07:28:21.387Z] > command requires scopes: ["email","openid","https://www.googleapis.com/auth/cloudplatformprojects.readonly","https://www.googleapis.com/auth/firebase","https://www.googleapis.com/auth/cloud-platform"]
[debug] [2021-03-02T07:28:21.387Z] > authorizing via signed-in user
[info] 
     ######## #### ########  ######## ########     ###     ######  ########
     ##        ##  ##     ## ##       ##     ##  ##   ##  ##       ##
     ######    ##  ########  ######   ########  #########  ######  ######
     ##        ##  ##    ##  ##       ##     ## ##     ##       ## ##
     ##       #### ##     ## ######## ########  ##     ##  ######  ########

You're about to initialize a Firebase project in this directory:

  C:\Users\Accuracy\Downloads\rent-main\rent-main

Before we get started, keep in mind:

  * You are initializing in an existing Firebase project directory

